<?xml version="1.0" encoding="UTF-8"?>
<testsuite name="testRockPaperScissors" tests="5" skipped="0" failures="0" errors="0" timestamp="2016-04-20T17:34:34" hostname="epicodus-39.local" time="0.001">
  <properties/>
  <testcase name="generateChoice_appAcceptUserInputAndGenerateRandomNumber_true" classname="testRockPaperScissors" time="0.001"/>
  <testcase name="checkWinnerTwoPlayers_appAcceptingUserInputReturnOutput_true" classname="testRockPaperScissors" time="0.0"/>
  <testcase name="checkWinnerTwoPlayers_checksWinnerBetweenDifferentInput_player2wins" classname="testRockPaperScissors" time="0.0"/>
  <testcase name="checkWinnerTwoPlayers_checksWinnerBetweenSameInput_tie" classname="testRockPaperScissors" time="0.0"/>
  <testcase name="checkWinnerTwoPlayers_appAccepting2UserInputsReturnOutput_true" classname="testRockPaperScissors" time="0.0"/>
  <system-out><![CDATA[]]></system-out>
  <system-err><![CDATA[]]></system-err>
</testsuite>
